mode: count
github.com/K-Saikrishnan/go-monkey/src/main.go:11.13,13.16 2 0
github.com/K-Saikrishnan/go-monkey/src/main.go:13.16,14.13 1 0
github.com/K-Saikrishnan/go-monkey/src/main.go:17.2,18.33 2 0
github.com/K-Saikrishnan/go-monkey/src/lexer/lexer.go:16.31,21.2 3 1
github.com/K-Saikrishnan/go-monkey/src/lexer/lexer.go:23.30,24.35 1 217
github.com/K-Saikrishnan/go-monkey/src/lexer/lexer.go:24.35,26.3 1 2
github.com/K-Saikrishnan/go-monkey/src/lexer/lexer.go:26.8,28.3 1 215
github.com/K-Saikrishnan/go-monkey/src/lexer/lexer.go:29.2,30.15 2 217
github.com/K-Saikrishnan/go-monkey/src/lexer/lexer.go:33.35,34.35 1 7
github.com/K-Saikrishnan/go-monkey/src/lexer/lexer.go:34.35,36.3 1 0
github.com/K-Saikrishnan/go-monkey/src/lexer/lexer.go:38.2,38.31 1 7
github.com/K-Saikrishnan/go-monkey/src/lexer/lexer.go:41.43,46.16 3 74
github.com/K-Saikrishnan/go-monkey/src/lexer/lexer.go:47.11,48.28 1 5
github.com/K-Saikrishnan/go-monkey/src/lexer/lexer.go:48.28,52.4 3 1
github.com/K-Saikrishnan/go-monkey/src/lexer/lexer.go:52.9,54.4 1 4
github.com/K-Saikrishnan/go-monkey/src/lexer/lexer.go:55.11,56.28 1 2
github.com/K-Saikrishnan/go-monkey/src/lexer/lexer.go:56.28,60.4 3 1
github.com/K-Saikrishnan/go-monkey/src/lexer/lexer.go:60.9,62.4 1 1
github.com/K-Saikrishnan/go-monkey/src/lexer/lexer.go:63.11,64.37 1 1
github.com/K-Saikrishnan/go-monkey/src/lexer/lexer.go:65.11,66.38 1 1
github.com/K-Saikrishnan/go-monkey/src/lexer/lexer.go:67.11,68.41 1 1
github.com/K-Saikrishnan/go-monkey/src/lexer/lexer.go:70.11,71.38 1 1
github.com/K-Saikrishnan/go-monkey/src/lexer/lexer.go:72.11,73.38 1 2
github.com/K-Saikrishnan/go-monkey/src/lexer/lexer.go:74.11,75.42 1 11
github.com/K-Saikrishnan/go-monkey/src/lexer/lexer.go:77.11,78.35 1 2
github.com/K-Saikrishnan/go-monkey/src/lexer/lexer.go:79.11,80.35 1 1
github.com/K-Saikrishnan/go-monkey/src/lexer/lexer.go:82.11,83.39 1 3
github.com/K-Saikrishnan/go-monkey/src/lexer/lexer.go:84.11,85.39 1 3
github.com/K-Saikrishnan/go-monkey/src/lexer/lexer.go:86.11,87.39 1 3
github.com/K-Saikrishnan/go-monkey/src/lexer/lexer.go:88.11,89.39 1 3
github.com/K-Saikrishnan/go-monkey/src/lexer/lexer.go:91.9,92.50 1 1
github.com/K-Saikrishnan/go-monkey/src/lexer/lexer.go:94.10,95.23 1 34
github.com/K-Saikrishnan/go-monkey/src/lexer/lexer.go:95.23,100.4 3 22
github.com/K-Saikrishnan/go-monkey/src/lexer/lexer.go:100.9,100.43 1 12
github.com/K-Saikrishnan/go-monkey/src/lexer/lexer.go:100.43,107.4 2 12
github.com/K-Saikrishnan/go-monkey/src/lexer/lexer.go:107.9,109.4 1 0
github.com/K-Saikrishnan/go-monkey/src/lexer/lexer.go:112.2,114.12 2 40
github.com/K-Saikrishnan/go-monkey/src/lexer/lexer.go:117.43,119.37 2 22
github.com/K-Saikrishnan/go-monkey/src/lexer/lexer.go:119.37,121.3 1 71
github.com/K-Saikrishnan/go-monkey/src/lexer/lexer.go:123.2,123.31 1 22
github.com/K-Saikrishnan/go-monkey/src/lexer/lexer.go:126.39,128.22 2 12
github.com/K-Saikrishnan/go-monkey/src/lexer/lexer.go:128.22,130.3 1 18
github.com/K-Saikrishnan/go-monkey/src/lexer/lexer.go:132.2,132.36 1 12
github.com/K-Saikrishnan/go-monkey/src/lexer/lexer.go:135.36,136.74 1 74
github.com/K-Saikrishnan/go-monkey/src/lexer/lexer.go:136.74,138.3 1 85
github.com/K-Saikrishnan/go-monkey/src/lexer/lexer.go:141.29,143.2 1 34
github.com/K-Saikrishnan/go-monkey/src/lexer/lexer.go:145.28,147.2 1 30
github.com/K-Saikrishnan/go-monkey/src/lexer/lexer.go:149.58,151.2 1 37
github.com/K-Saikrishnan/go-monkey/src/token/token.go:62.37,63.36 1 9
github.com/K-Saikrishnan/go-monkey/src/token/token.go:63.36,65.3 1 7
github.com/K-Saikrishnan/go-monkey/src/token/token.go:67.2,67.14 1 2
github.com/K-Saikrishnan/go-monkey/src/repl/repl.go:14.41,17.6 2 0
github.com/K-Saikrishnan/go-monkey/src/repl/repl.go:17.6,20.42 2 0
github.com/K-Saikrishnan/go-monkey/src/repl/repl.go:20.42,22.4 1 0
github.com/K-Saikrishnan/go-monkey/src/repl/repl.go:24.3,27.76 3 0
github.com/K-Saikrishnan/go-monkey/src/repl/repl.go:27.76,29.4 1 0
